<?xml version="1.0" encoding="UTF-8"?>
<testng-results ignored="0" total="2" passed="2" failed="0" skipped="0">
  <reporter-output>
  </reporter-output>
  <suite started-at="2025-04-29T12:42:36 IST" name="Default suite" finished-at="2025-04-29T12:42:57 IST" duration-ms="20697">
    <groups>
      <group name="ST">
        <method signature="ApplyLeaveTest.applyLeaveAsAdmin()[pri:0, instance:com.ERP.Dollibarr.HRM.ApplyLeaveTest@6150c3ec]" name="applyLeaveAsAdmin" class="com.ERP.Dollibarr.HRM.ApplyLeaveTest"/>
      </group> <!-- ST -->
    </groups>
    <test started-at="2025-04-29T12:42:36 IST" name="Default test" finished-at="2025-04-29T12:42:57 IST" duration-ms="20697">
      <class name="com.ERP.Dollibarr.HRM.ApplyLeaveTest">
        <test-method is-config="true" signature="configBS()[pri:0, instance:com.ERP.Dollibarr.HRM.ApplyLeaveTest@6150c3ec]" started-at="2025-04-29T12:42:27 IST" name="configBS" finished-at="2025-04-29T12:42:36 IST" duration-ms="8871" status="PASS">
          <reporter-output>
          </reporter-output>
        </test-method> <!-- configBS -->
        <test-method is-config="true" signature="configBC()[pri:0, instance:com.ERP.Dollibarr.HRM.ApplyLeaveTest@6150c3ec]" started-at="2025-04-29T12:42:36 IST" name="configBC" finished-at="2025-04-29T12:42:38 IST" duration-ms="2123" status="PASS">
          <reporter-output>
          </reporter-output>
        </test-method> <!-- configBC -->
        <test-method is-config="true" signature="configBM()[pri:0, instance:com.ERP.Dollibarr.HRM.ApplyLeaveTest@6150c3ec]" started-at="2025-04-29T12:42:38 IST" name="configBM" finished-at="2025-04-29T12:42:39 IST" duration-ms="662" status="PASS">
          <reporter-output>
          </reporter-output>
        </test-method> <!-- configBM -->
        <test-method signature="applyLeaveAsAdmin()[pri:0, instance:com.ERP.Dollibarr.HRM.ApplyLeaveTest@6150c3ec]" started-at="2025-04-29T12:42:39 IST" name="applyLeaveAsAdmin" finished-at="2025-04-29T12:42:43 IST" duration-ms="3750" status="PASS">
          <reporter-output>
          </reporter-output>
        </test-method> <!-- applyLeaveAsAdmin -->
        <test-method is-config="true" signature="confiAM()[pri:0, instance:com.ERP.Dollibarr.HRM.ApplyLeaveTest@6150c3ec]" started-at="2025-04-29T12:42:43 IST" name="confiAM" finished-at="2025-04-29T12:42:43 IST" duration-ms="363" status="PASS">
          <reporter-output>
          </reporter-output>
        </test-method> <!-- confiAM -->
        <test-method is-config="true" signature="configBM()[pri:0, instance:com.ERP.Dollibarr.HRM.ApplyLeaveTest@6150c3ec]" started-at="2025-04-29T12:42:43 IST" name="configBM" finished-at="2025-04-29T12:42:43 IST" duration-ms="218" status="PASS">
          <reporter-output>
          </reporter-output>
        </test-method> <!-- configBM -->
        <test-method signature="applyLeaveAsUser()[pri:0, instance:com.ERP.Dollibarr.HRM.ApplyLeaveTest@6150c3ec]" started-at="2025-04-29T12:42:43 IST" name="applyLeaveAsUser" finished-at="2025-04-29T12:42:56 IST" duration-ms="13114" status="PASS">
          <reporter-output>
          </reporter-output>
        </test-method> <!-- applyLeaveAsUser -->
        <test-method is-config="true" signature="confiAM()[pri:0, instance:com.ERP.Dollibarr.HRM.ApplyLeaveTest@6150c3ec]" started-at="2025-04-29T12:42:56 IST" name="confiAM" finished-at="2025-04-29T12:42:57 IST" duration-ms="282" status="PASS">
          <reporter-output>
          </reporter-output>
        </test-method> <!-- confiAM -->
        <test-method is-config="true" signature="configAC()[pri:0, instance:com.ERP.Dollibarr.HRM.ApplyLeaveTest@6150c3ec]" started-at="2025-04-29T12:42:57 IST" name="configAC" finished-at="2025-04-29T12:42:57 IST" duration-ms="141" status="PASS">
          <reporter-output>
          </reporter-output>
        </test-method> <!-- configAC -->
        <test-method is-config="true" signature="configAS()[pri:0, instance:com.ERP.Dollibarr.HRM.ApplyLeaveTest@6150c3ec]" started-at="2025-04-29T12:42:57 IST" name="configAS" finished-at="2025-04-29T12:42:57 IST" duration-ms="0" status="PASS">
          <reporter-output>
          </reporter-output>
        </test-method> <!-- configAS -->
      </class> <!-- com.ERP.Dollibarr.HRM.ApplyLeaveTest -->
    </test> <!-- Default test -->
  </suite> <!-- Default suite -->
</testng-results>
